Using pre-set license
Built from '2020.3/staging' branch; Version is '2020.3.0f1 (c7b5465681fb) revision 13088070'; Using compiler version '192528614'; Build Type 'Release'
OS: 'Windows 10 Pro; OS build 19041.1083; Version 2004; 64bit' Language: 'ja' Physical Memory: 16282 MB
BatchMode: 1, IsHumanControllingUs: 0, StartBugReporterOnCrash: 0, Is64bit: 1, IsPro: 0

 COMMAND LINE ARGUMENTS:
C:\Program Files\Unity Editor\2020.3.0f1\Editor\Unity.exe
-adb2
-batchMode
-noUpm
-name
AssetImportWorker0
-projectPath
D:/Unity/Unity_IInitializable
-logFile
Logs/AssetImportWorker0.log
-srvPort
64296
Successfully changed project path to: D:/Unity/Unity_IInitializable
D:/Unity/Unity_IInitializable
Using Asset Import Pipeline V2.
Refreshing native plugins compatible for Editor in 0.78 ms, found 0 plugins.
Preloading 0 native plugins for Editor in 0.00 ms.
Initialize engine version: 2020.3.0f1 (c7b5465681fb)
[Subsystems] Discovering subsystems at path C:/Program Files/Unity Editor/2020.3.0f1/Editor/Data/Resources/UnitySubsystems
[Subsystems] Discovering subsystems at path D:/Unity/Unity_IInitializable/Assets
GfxDevice: creating device client; threaded=0
Direct3D:
    Version:  Direct3D 11.0 [level 11.1]
    Renderer: NVIDIA GeForce RTX 2080 with Max-Q Design (ID=0x1e90)
    Vendor:   
    VRAM:     8010 MB
    Driver:   30.0.14.7111
Initialize mono
Mono path[0] = 'C:/Program Files/Unity Editor/2020.3.0f1/Editor/Data/Managed'
Mono path[1] = 'C:/Program Files/Unity Editor/2020.3.0f1/Editor/Data/MonoBleedingEdge/lib/mono/unityjit'
Mono config path = 'C:/Program Files/Unity Editor/2020.3.0f1/Editor/Data/MonoBleedingEdge/etc'
Using monoOptions --debugger-agent=transport=dt_socket,embedding=1,server=y,suspend=n,address=127.0.0.1:56592
Begin MonoManager ReloadAssembly
Registering precompiled unity dll's ...
Register platform support module: C:/Program Files/Unity Editor/2020.3.0f1/Editor/Data/PlaybackEngines/WindowsStandaloneSupport/UnityEditor.WindowsStandalone.Extensions.dll
Registered in 0.001957 seconds.
Native extension for WindowsStandalone target not found
Refreshing native plugins compatible for Editor in 0.69 ms, found 0 plugins.
Preloading 0 native plugins for Editor in 0.00 ms.
Invoked RoslynAnalysisRunner static constructor.
RoslynAnalysisRunner will not be running.
RoslynAnalysisRunner has terminated.
Mono: successfully reloaded assembly
- Completed reload, in  1.048 seconds
Platform modules already initialized, skipping
Registering precompiled user dll's ...
Registered in 0.000011 seconds.
Begin MonoManager ReloadAssembly
Native extension for WindowsStandalone target not found
Refreshing native plugins compatible for Editor in 0.02 ms, found 0 plugins.
Preloading 0 native plugins for Editor in 0.00 ms.
Invoked RoslynAnalysisRunner static constructor.
RoslynAnalysisRunner will not be running.
RoslynAnalysisRunner has terminated.
Mono: successfully reloaded assembly
- Completed reload, in  0.675 seconds
Platform modules already initialized, skipping
========================================================================
Worker process is ready to serve import requests
Launched and connected shader compiler UnityShaderCompiler.exe after 0.05 seconds
Refreshing native plugins compatible for Editor in 0.01 ms, found 0 plugins.
Preloading 0 native plugins for Editor in 0.00 ms.
Unloading 10 Unused Serialized files (Serialized files now loaded: 0)
System memory in use before: 24.2 MB.
System memory in use after: 24.2 MB.

Unloading 2 unused Assets to reduce memory usage. Loaded Objects now: 449.
Total: 1.622400 ms (FindLiveObjects: 0.045800 ms CreateObjectMapping: 0.004200 ms MarkObjects: 1.512600 ms  DeleteObjects: 0.058800 ms)

========================================================================
Received Import Request.
  path: Assets/InitializableOnce.cs
  artifactKey: Guid(279c7163b7d193345b86dbd98c4c31a4) Importer(815301076,1909f56bfc062723c751e8b465ee728b)
Start importing Assets/InitializableOnce.cs using Guid(279c7163b7d193345b86dbd98c4c31a4) Importer(815301076,1909f56bfc062723c751e8b465ee728b)  -> (artifact id: '44d51a64d66035c3dea2bbeb9b3c56ee') in 0.026649 seconds
  Import took 0.026943 seconds .

========================================================================
Received Prepare
Registering precompiled user dll's ...
Registered in 0.000006 seconds.
Begin MonoManager ReloadAssembly
Native extension for WindowsStandalone target not found
Refreshing native plugins compatible for Editor in 0.02 ms, found 0 plugins.
Preloading 0 native plugins for Editor in 0.00 ms.
Invoked RoslynAnalysisRunner static constructor.
RoslynAnalysisRunner will not be running.
RoslynAnalysisRunner has terminated.
Mono: successfully reloaded assembly
- Completed reload, in  0.718 seconds
Platform modules already initialized, skipping
Refreshing native plugins compatible for Editor in 0.03 ms, found 0 plugins.
Preloading 0 native plugins for Editor in 0.00 ms.
Unloading 5 Unused Serialized files (Serialized files now loaded: 0)
System memory in use before: 24.0 MB.
System memory in use after: 24.0 MB.

Unloading 0 unused Assets to reduce memory usage. Loaded Objects now: 449.
Total: 1.347200 ms (FindLiveObjects: 0.055800 ms CreateObjectMapping: 0.004100 ms MarkObjects: 1.281900 ms  DeleteObjects: 0.004400 ms)

========================================================================
Received Import Request.
  Time since last request: 164.238924 seconds.
  path: Assets/Packages/IInitializable/IInitializable.cs
  artifactKey: Guid(dfb4ef890b6b66f499017beb5ec100a3) Importer(815301076,1909f56bfc062723c751e8b465ee728b)
Start importing Assets/Packages/IInitializable/IInitializable.cs using Guid(dfb4ef890b6b66f499017beb5ec100a3) Importer(815301076,1909f56bfc062723c751e8b465ee728b)  -> (artifact id: 'ec81df2cb1739040f5a2f4824848fd69') in 0.002461 seconds
  Import took 0.002835 seconds .

========================================================================
Received Import Request.
  Time since last request: 0.003631 seconds.
  path: Assets/Packages/IInitializable/IInitializable.cs
  artifactKey: Guid(dfb4ef890b6b66f499017beb5ec100a3) Importer(815301076,1909f56bfc062723c751e8b465ee728b)
Start importing Assets/Packages/IInitializable/IInitializable.cs using Guid(dfb4ef890b6b66f499017beb5ec100a3) Importer(815301076,1909f56bfc062723c751e8b465ee728b)  -> (artifact id: 'ec81df2cb1739040f5a2f4824848fd69') in 0.001970 seconds
  Import took 0.002369 seconds .

========================================================================
Received Import Request.
  Time since last request: 4.460844 seconds.
  path: Assets/Packages/IInitializable/IInitializableOnce.cs
  artifactKey: Guid(01605f521ee3a194183e5c67416aa9f8) Importer(815301076,1909f56bfc062723c751e8b465ee728b)
Start importing Assets/Packages/IInitializable/IInitializableOnce.cs using Guid(01605f521ee3a194183e5c67416aa9f8) Importer(815301076,1909f56bfc062723c751e8b465ee728b)  -> (artifact id: '00782573484153ae4ece1e34f37afde2') in 0.001732 seconds
  Import took 0.002246 seconds .

========================================================================
Received Import Request.
  Time since last request: 0.002271 seconds.
  path: Assets/Packages/IInitializable/IInitializableOnce.cs
  artifactKey: Guid(01605f521ee3a194183e5c67416aa9f8) Importer(815301076,1909f56bfc062723c751e8b465ee728b)
Start importing Assets/Packages/IInitializable/IInitializableOnce.cs using Guid(01605f521ee3a194183e5c67416aa9f8) Importer(815301076,1909f56bfc062723c751e8b465ee728b)  -> (artifact id: '00782573484153ae4ece1e34f37afde2') in 0.001842 seconds
  Import took 0.002209 seconds .

========================================================================
Received Import Request.
  Time since last request: 34.905642 seconds.
  path: Assets/Packages/IInitializable
  artifactKey: Guid(b9f7e5d03f89d4a44af147a7912c94f6) Importer(815301076,1909f56bfc062723c751e8b465ee728b)
Start importing Assets/Packages/IInitializable using Guid(b9f7e5d03f89d4a44af147a7912c94f6) Importer(815301076,1909f56bfc062723c751e8b465ee728b)  -> (artifact id: '6610a274f626fe3335a105e2c6961ffc') in 0.001212 seconds
  Import took 0.001544 seconds .

AssetImportWorkerClient::OnTransportError - code=2 error=End of file
