Using pre-set license
Built from '2020.3/staging' branch; Version is '2020.3.0f1 (c7b5465681fb) revision 13088070'; Using compiler version '192528614'; Build Type 'Release'
OS: 'Windows 10 Pro; OS build 19041.1083; Version 2004; 64bit' Language: 'ja' Physical Memory: 16282 MB
BatchMode: 1, IsHumanControllingUs: 0, StartBugReporterOnCrash: 0, Is64bit: 1, IsPro: 0

 COMMAND LINE ARGUMENTS:
C:\Program Files\Unity Editor\2020.3.0f1\Editor\Unity.exe
-adb2
-batchMode
-noUpm
-name
AssetImportWorker0
-projectPath
D:/Unity/Unity_IInitializable
-logFile
Logs/AssetImportWorker0.log
-srvPort
65274
Successfully changed project path to: D:/Unity/Unity_IInitializable
D:/Unity/Unity_IInitializable
Using Asset Import Pipeline V2.
Refreshing native plugins compatible for Editor in 0.80 ms, found 0 plugins.
Preloading 0 native plugins for Editor in 0.00 ms.
Initialize engine version: 2020.3.0f1 (c7b5465681fb)
[Subsystems] Discovering subsystems at path C:/Program Files/Unity Editor/2020.3.0f1/Editor/Data/Resources/UnitySubsystems
[Subsystems] Discovering subsystems at path D:/Unity/Unity_IInitializable/Assets
GfxDevice: creating device client; threaded=0
Direct3D:
    Version:  Direct3D 11.0 [level 11.1]
    Renderer: NVIDIA GeForce RTX 2080 with Max-Q Design (ID=0x1e90)
    Vendor:   
    VRAM:     8010 MB
    Driver:   30.0.14.7111
Initialize mono
Mono path[0] = 'C:/Program Files/Unity Editor/2020.3.0f1/Editor/Data/Managed'
Mono path[1] = 'C:/Program Files/Unity Editor/2020.3.0f1/Editor/Data/MonoBleedingEdge/lib/mono/unityjit'
Mono config path = 'C:/Program Files/Unity Editor/2020.3.0f1/Editor/Data/MonoBleedingEdge/etc'
Using monoOptions --debugger-agent=transport=dt_socket,embedding=1,server=y,suspend=n,address=127.0.0.1:56112
Begin MonoManager ReloadAssembly
Registering precompiled unity dll's ...
Register platform support module: C:/Program Files/Unity Editor/2020.3.0f1/Editor/Data/PlaybackEngines/WindowsStandaloneSupport/UnityEditor.WindowsStandalone.Extensions.dll
Registered in 0.001966 seconds.
Native extension for WindowsStandalone target not found
Refreshing native plugins compatible for Editor in 0.65 ms, found 0 plugins.
Preloading 0 native plugins for Editor in 0.00 ms.
Invoked RoslynAnalysisRunner static constructor.
RoslynAnalysisRunner will not be running.
RoslynAnalysisRunner has terminated.
Mono: successfully reloaded assembly
- Completed reload, in  1.074 seconds
Platform modules already initialized, skipping
Registering precompiled user dll's ...
Registered in 0.000011 seconds.
Begin MonoManager ReloadAssembly
Native extension for WindowsStandalone target not found
Refreshing native plugins compatible for Editor in 0.02 ms, found 0 plugins.
Preloading 0 native plugins for Editor in 0.00 ms.
Invoked RoslynAnalysisRunner static constructor.
RoslynAnalysisRunner will not be running.
RoslynAnalysisRunner has terminated.
Mono: successfully reloaded assembly
- Completed reload, in  0.816 seconds
Platform modules already initialized, skipping
========================================================================
Worker process is ready to serve import requests
Launched and connected shader compiler UnityShaderCompiler.exe after 0.06 seconds
Refreshing native plugins compatible for Editor in 0.02 ms, found 0 plugins.
Preloading 0 native plugins for Editor in 0.00 ms.
Unloading 9 Unused Serialized files (Serialized files now loaded: 0)
System memory in use before: 24.2 MB.
System memory in use after: 24.2 MB.

Unloading 2 unused Assets to reduce memory usage. Loaded Objects now: 448.
Total: 1.633000 ms (FindLiveObjects: 0.093200 ms CreateObjectMapping: 0.007300 ms MarkObjects: 1.463700 ms  DeleteObjects: 0.067400 ms)

========================================================================
Received Import Request.
  path: Assets/Initializable.cs
  artifactKey: Guid(b55d18e52ce5fc54d92391caadea57bc) Importer(815301076,1909f56bfc062723c751e8b465ee728b)
Start importing Assets/Initializable.cs using Guid(b55d18e52ce5fc54d92391caadea57bc) Importer(815301076,1909f56bfc062723c751e8b465ee728b)  -> (artifact id: 'f6a6fcb777b3b5fe605ced4938a13089') in 0.027932 seconds
  Import took 0.028243 seconds .

========================================================================
Received Import Request.
  Time since last request: 52.269391 seconds.
  path: Packages/xjine.iinitializable
  artifactKey: Guid(69e3413cec064e6c1963b968f107f96a) Importer(815301076,1909f56bfc062723c751e8b465ee728b)
Start importing Packages/xjine.iinitializable using Guid(69e3413cec064e6c1963b968f107f96a) Importer(815301076,1909f56bfc062723c751e8b465ee728b)  -> (artifact id: 'f2494bcb8f72933ebbafa6af972f7267') in 0.002310 seconds
  Import took 0.002867 seconds .

========================================================================
Received Import Request.
  Time since last request: 0.004956 seconds.
  path: Packages/xjine.iinitializable
  artifactKey: Guid(69e3413cec064e6c1963b968f107f96a) Importer(815301076,1909f56bfc062723c751e8b465ee728b)
Start importing Packages/xjine.iinitializable using Guid(69e3413cec064e6c1963b968f107f96a) Importer(815301076,1909f56bfc062723c751e8b465ee728b)  -> (artifact id: 'f2494bcb8f72933ebbafa6af972f7267') in 0.001883 seconds
  Import took 0.002343 seconds .

========================================================================
Received Prepare
Registering precompiled user dll's ...
Registered in 0.000006 seconds.
Begin MonoManager ReloadAssembly
Native extension for WindowsStandalone target not found
Refreshing native plugins compatible for Editor in 0.02 ms, found 0 plugins.
Preloading 0 native plugins for Editor in 0.00 ms.
Invoked RoslynAnalysisRunner static constructor.
RoslynAnalysisRunner will not be running.
RoslynAnalysisRunner has terminated.
Mono: successfully reloaded assembly
- Completed reload, in  0.643 seconds
Platform modules already initialized, skipping
Refreshing native plugins compatible for Editor in 0.02 ms, found 0 plugins.
Preloading 0 native plugins for Editor in 0.00 ms.
Unloading 4 Unused Serialized files (Serialized files now loaded: 0)
System memory in use before: 24.0 MB.
System memory in use after: 24.1 MB.

Unloading 0 unused Assets to reduce memory usage. Loaded Objects now: 448.
Total: 1.174600 ms (FindLiveObjects: 0.049300 ms CreateObjectMapping: 0.004500 ms MarkObjects: 1.116500 ms  DeleteObjects: 0.003300 ms)

========================================================================
Received Prepare
Registering precompiled user dll's ...
Registered in 0.000006 seconds.
Begin MonoManager ReloadAssembly
Native extension for WindowsStandalone target not found
Refreshing native plugins compatible for Editor in 0.02 ms, found 0 plugins.
Preloading 0 native plugins for Editor in 0.00 ms.
Invoked RoslynAnalysisRunner static constructor.
RoslynAnalysisRunner will not be running.
RoslynAnalysisRunner has terminated.
Mono: successfully reloaded assembly
- Completed reload, in  0.623 seconds
Platform modules already initialized, skipping
Refreshing native plugins compatible for Editor in 0.02 ms, found 0 plugins.
Preloading 0 native plugins for Editor in 0.00 ms.
Unloading 4 Unused Serialized files (Serialized files now loaded: 0)
System memory in use before: 24.0 MB.
System memory in use after: 24.1 MB.

Unloading 0 unused Assets to reduce memory usage. Loaded Objects now: 448.
Total: 2.547200 ms (FindLiveObjects: 0.105400 ms CreateObjectMapping: 0.004800 ms MarkObjects: 2.426200 ms  DeleteObjects: 0.009200 ms)

AssetImportWorkerClient::OnTransportError - code=2 error=End of file
